C:\Users\Chetan Soni\Desktop\New folder\Socioverse\SocioVerse-V2\ClientApp\dist\out-tsc\app\components\login-form\login-form.component.js
C:\Users\Chetan Soni\Desktop\New folder\Socioverse\SocioVerse-V2\ClientApp\dist\out-tsc\app\components\login-form\login-form.component.js.map
C:\Users\Chetan Soni\Desktop\New folder\Socioverse\SocioVerse-V2\ClientApp\dist\out-tsc\app\components\registration-form\registration-form.component.js
C:\Users\Chetan Soni\Desktop\New folder\Socioverse\SocioVerse-V2\ClientApp\dist\out-tsc\app\components\registration-form\registration-form.component.js.map
C:\Users\Chetan Soni\Desktop\New folder\Socioverse\SocioVerse-V2\ClientApp\dist\out-tsc\app\app-routing.module.js
C:\Users\Chetan Soni\Desktop\New folder\Socioverse\SocioVerse-V2\ClientApp\dist\out-tsc\app\app-routing.module.js.map
C:\Users\Chetan Soni\Desktop\New folder\Socioverse\SocioVerse-V2\ClientApp\dist\out-tsc\app\app.component.js
C:\Users\Chetan Soni\Desktop\New folder\Socioverse\SocioVerse-V2\ClientApp\dist\out-tsc\app\app.component.js.map
C:\Users\Chetan Soni\Desktop\New folder\Socioverse\SocioVerse-V2\ClientApp\dist\out-tsc\app\app.module.js
C:\Users\Chetan Soni\Desktop\New folder\Socioverse\SocioVerse-V2\ClientApp\dist\out-tsc\app\app.module.js.map
C:\Users\Chetan Soni\Desktop\New folder\Socioverse\SocioVerse-V2\ClientApp\dist\out-tsc\main.js
C:\Users\Chetan Soni\Desktop\New folder\Socioverse\SocioVerse-V2\ClientApp\dist\out-tsc\main.js.map
C:\Users\Chetan Soni\Desktop\New folder\Socioverse\SocioVerse-V2\ClientApp\dist\out-tsc\app\app.component.spec.js
C:\Users\Chetan Soni\Desktop\New folder\Socioverse\SocioVerse-V2\ClientApp\dist\out-tsc\app\app.component.spec.js.map
C:\Users\Chetan Soni\Desktop\New folder\Socioverse\SocioVerse-V2\ClientApp\dist\out-tsc\app\app-routing\app-routing.module.js
C:\Users\Chetan Soni\Desktop\New folder\Socioverse\SocioVerse-V2\ClientApp\dist\out-tsc\app\app-routing\app-routing.module.js.map
C:\Users\Chetan Soni\Desktop\New folder\Socioverse\SocioVerse-V2\ClientApp\dist\out-tsc\app\components\login-form\login-form.component.spec.js
C:\Users\Chetan Soni\Desktop\New folder\Socioverse\SocioVerse-V2\ClientApp\dist\out-tsc\app\components\login-form\login-form.component.spec.js.map
C:\Users\Chetan Soni\Desktop\New folder\Socioverse\SocioVerse-V2\ClientApp\dist\out-tsc\app\components\registration-form\registration-form.component.spec.js
C:\Users\Chetan Soni\Desktop\New folder\Socioverse\SocioVerse-V2\ClientApp\dist\out-tsc\app\components\registration-form\registration-form.component.spec.js.map
